{"C:\\Users\\gabri\\task-manager-api\\index.js": {"path":"C:\\Users\\gabri\\task-manager-api\\index.js","statementMap":{"0":{"start":{"line":1,"column":16},"end":{"line":1,"column":34}},"1":{"start":{"line":2,"column":12},"end":{"line":2,"column":21}},"2":{"start":{"line":5,"column":0},"end":{"line":5,"column":24}},"3":{"start":{"line":8,"column":0},"end":{"line":12,"column":3}},"4":{"start":{"line":9,"column":33},"end":{"line":9,"column":41}},"5":{"start":{"line":10,"column":15},"end":{"line":10,"column":53}},"6":{"start":{"line":11,"column":2},"end":{"line":11,"column":29}},"7":{"start":{"line":14,"column":0},"end":{"line":20,"column":3}},"8":{"start":{"line":15,"column":16},"end":{"line":18,"column":3}},"9":{"start":{"line":19,"column":2},"end":{"line":19,"column":30}},"10":{"start":{"line":22,"column":0},"end":{"line":27,"column":3}},"11":{"start":{"line":23,"column":17},"end":{"line":23,"column":27}},"12":{"start":{"line":24,"column":33},"end":{"line":24,"column":41}},"13":{"start":{"line":25,"column":22},"end":{"line":25,"column":48}},"14":{"start":{"line":26,"column":2},"end":{"line":26,"column":36}},"15":{"start":{"line":29,"column":0},"end":{"line":32,"column":3}},"16":{"start":{"line":30,"column":17},"end":{"line":30,"column":27}},"17":{"start":{"line":31,"column":2},"end":{"line":31,"column":25}},"18":{"start":{"line":35,"column":0},"end":{"line":35,"column":21}},"19":{"start":{"line":38,"column":0},"end":{"line":42,"column":1}},"20":{"start":{"line":39,"column":2},"end":{"line":41,"column":5}},"21":{"start":{"line":40,"column":4},"end":{"line":40,"column":50}}},"fnMap":{"0":{"name":"(anonymous_0)","decl":{"start":{"line":8,"column":23},"end":{"line":8,"column":24}},"loc":{"start":{"line":8,"column":37},"end":{"line":12,"column":1}},"line":8},"1":{"name":"(anonymous_1)","decl":{"start":{"line":14,"column":22},"end":{"line":14,"column":23}},"loc":{"start":{"line":14,"column":36},"end":{"line":20,"column":1}},"line":14},"2":{"name":"(anonymous_2)","decl":{"start":{"line":22,"column":26},"end":{"line":22,"column":27}},"loc":{"start":{"line":22,"column":40},"end":{"line":27,"column":1}},"line":22},"3":{"name":"(anonymous_3)","decl":{"start":{"line":29,"column":29},"end":{"line":29,"column":30}},"loc":{"start":{"line":29,"column":43},"end":{"line":32,"column":1}},"line":29},"4":{"name":"(anonymous_4)","decl":{"start":{"line":39,"column":19},"end":{"line":39,"column":20}},"loc":{"start":{"line":39,"column":25},"end":{"line":41,"column":3}},"line":39}},"branchMap":{"0":{"loc":{"start":{"line":38,"column":0},"end":{"line":42,"column":1}},"type":"if","locations":[{"start":{"line":38,"column":0},"end":{"line":42,"column":1}},{"start":{},"end":{}}],"line":38}},"s":{"0":2,"1":2,"2":2,"3":2,"4":2,"5":2,"6":2,"7":2,"8":1,"9":1,"10":2,"11":1,"12":1,"13":1,"14":1,"15":2,"16":1,"17":1,"18":2,"19":2,"20":0,"21":0},"f":{"0":2,"1":1,"2":1,"3":1,"4":0},"b":{"0":[0,2]},"_coverageSchema":"1a1c01bbd47fc00a2c39e90264f33305004495a9","hash":"2040945f97dc9cedcc9968014d98149de61e4b88"}
}
